{
  "RSpec": {
    "coverage": {
      "/Users/akibu/Desktop/STAR/Programming/task_manager/app/controllers/api/v1/tasks_controller.rb": {
        "lines": [
          null,
          null,
          1,
          1,
          1,
          1,
          null,
          1,
          1,
          1,
          null,
          null,
          1,
          1,
          null,
          null,
          1,
          2,
          2,
          1,
          null,
          1,
          null,
          null,
          null,
          1,
          2,
          1,
          null,
          1,
          null,
          null,
          null,
          1,
          1,
          1,
          null,
          null,
          1,
          3,
          3,
          1,
          null,
          2,
          null,
          null,
          null,
          1,
          0,
          null,
          0,
          0,
          null,
          0,
          null,
          null,
          null,
          1,
          4,
          4,
          4,
          null,
          null,
          1,
          null,
          1,
          7,
          null,
          3,
          null,
          null,
          1,
          4,
          null,
          null,
          1,
          4,
          null,
          null,
          null,
          null
        ]
      },
      "/Users/akibu/Desktop/STAR/Programming/task_manager/app/controllers/api/v1/application_controller.rb": {
        "lines": [
          null,
          1,
          1,
          1,
          1,
          1,
          null,
          1,
          null,
          1,
          18,
          18,
          null,
          17,
          17,
          null,
          17,
          17,
          null,
          null,
          1,
          17,
          null,
          null,
          null,
          null
        ]
      },
      "/Users/akibu/Desktop/STAR/Programming/task_manager/app/controllers/concerns/paginatable.rb": {
        "lines": [
          1,
          1,
          null,
          1,
          null,
          6,
          null,
          null,
          null,
          null,
          null,
          null,
          null
        ]
      },
      "/Users/akibu/Desktop/STAR/Programming/task_manager/app/controllers/api/v1/users_controller.rb": {
        "lines": [
          null,
          1,
          1,
          1,
          1,
          1,
          null,
          1,
          1,
          1,
          null,
          null,
          1,
          1,
          null,
          null,
          1,
          2,
          2,
          1,
          1,
          null,
          1,
          null,
          null,
          null,
          1,
          2,
          2,
          1,
          1,
          null,
          1,
          null,
          null,
          null,
          1,
          null,
          1,
          2,
          null,
          1,
          null,
          null,
          1,
          2,
          null,
          null,
          null,
          null
        ]
      },
      "/Users/akibu/Desktop/STAR/Programming/task_manager/app/models/admin_user.rb": {
        "lines": [
          null,
          1,
          1,
          1,
          null,
          1,
          28,
          null,
          null
        ]
      },
      "/Users/akibu/Desktop/STAR/Programming/task_manager/app/models/application_record.rb": {
        "lines": [
          1,
          1,
          null
        ]
      },
      "/Users/akibu/Desktop/STAR/Programming/task_manager/app/controllers/application_controller.rb": {
        "lines": [
          null,
          1,
          1,
          1,
          null,
          1,
          82,
          null,
          null,
          1,
          15,
          null,
          null,
          1,
          5,
          null,
          null,
          1,
          5,
          5,
          5,
          5,
          null,
          0,
          0,
          null,
          null,
          null,
          1,
          0,
          0,
          null,
          null
        ]
      },
      "/Users/akibu/Desktop/STAR/Programming/task_manager/app/admin/admin_users.rb": {
        "lines": [
          null,
          1,
          1,
          null,
          1,
          2,
          2,
          2,
          2,
          2,
          null,
          null,
          1,
          1,
          null,
          1,
          4,
          4,
          4,
          4,
          null,
          4,
          null,
          null,
          1,
          1,
          2,
          1,
          1,
          null,
          2,
          null,
          null,
          null
        ]
      },
      "/Users/akibu/Desktop/STAR/Programming/task_manager/app/admin/controllers/admin_sessions_controller.rb": {
        "lines": [
          null,
          1,
          0,
          0,
          0,
          0,
          null,
          0,
          0,
          null,
          null
        ]
      },
      "/Users/akibu/Desktop/STAR/Programming/task_manager/app/admin/dashboard.rb": {
        "lines": [
          null,
          1,
          null,
          1,
          1,
          null,
          1,
          0,
          0,
          0,
          null,
          0,
          0,
          0,
          0,
          0,
          0,
          null,
          0,
          0,
          null,
          null,
          null,
          null,
          0,
          0,
          0,
          0,
          0,
          null,
          0,
          0,
          null,
          null,
          null,
          null,
          0,
          0,
          0,
          0,
          0,
          null,
          0,
          0,
          null,
          null,
          null,
          null,
          null,
          null,
          null,
          0,
          0,
          0,
          null,
          0,
          null,
          null,
          0,
          0,
          null,
          null,
          null,
          0,
          0,
          0,
          null,
          0,
          0,
          0,
          null,
          0,
          0,
          0,
          0,
          null,
          null,
          null,
          null,
          null
        ]
      },
      "/Users/akibu/Desktop/STAR/Programming/task_manager/app/admin/tasks.rb": {
        "lines": [
          null,
          1,
          1,
          null,
          1,
          1,
          1,
          1,
          1,
          null,
          1,
          1,
          1,
          1,
          null,
          1,
          0,
          0,
          0,
          0,
          0,
          0,
          0,
          0,
          0,
          0,
          0,
          0,
          null,
          null,
          0,
          null,
          null,
          null,
          1,
          0,
          0,
          null,
          null,
          1,
          0,
          0,
          0,
          0,
          0,
          0,
          null,
          0,
          null,
          null
        ]
      },
      "/Users/akibu/Desktop/STAR/Programming/task_manager/app/models/task.rb": {
        "lines": [
          1,
          1,
          1,
          1,
          1,
          1,
          6,
          6,
          6,
          null,
          1,
          210,
          null,
          null,
          1,
          75,
          null,
          1,
          null,
          1,
          25,
          0,
          null,
          null,
          null
        ]
      },
      "/Users/akibu/Desktop/STAR/Programming/task_manager/app/admin/users.rb": {
        "lines": [
          null,
          1,
          1,
          null,
          1,
          0,
          0,
          0,
          0,
          0,
          null,
          null,
          1,
          1,
          null,
          1,
          0,
          0,
          0,
          0,
          null,
          0,
          null,
          null,
          1,
          1,
          0,
          0,
          0,
          null,
          0,
          null,
          null,
          null
        ]
      },
      "/Users/akibu/Desktop/STAR/Programming/task_manager/app/models/user.rb": {
        "lines": [
          null,
          1,
          1,
          1,
          1,
          null,
          1,
          50,
          null,
          null
        ]
      },
      "/Users/akibu/Desktop/STAR/Programming/task_manager/app/services/api/v1/jwt_service.rb": {
        "lines": [
          1,
          null,
          1,
          1,
          1,
          1,
          1,
          null,
          1,
          19,
          null,
          null,
          1,
          17,
          null,
          0,
          null,
          null,
          null,
          null
        ]
      },
      "/Users/akibu/Desktop/STAR/Programming/task_manager/app/serializers/task_serializer.rb": {
        "lines": [
          1,
          1,
          null,
          1,
          null
        ]
      },
      "/Users/akibu/Desktop/STAR/Programming/task_manager/app/services/api/v1/task_bulk_delete_service.rb": {
        "lines": [
          null,
          1,
          1,
          1,
          1,
          3,
          3,
          null,
          null,
          1,
          3,
          null,
          3,
          3,
          3,
          null,
          3,
          null,
          1,
          1,
          null,
          null,
          null,
          null
        ]
      },
      "/Users/akibu/Desktop/STAR/Programming/task_manager/app/services/api/v1/task_search_service.rb": {
        "lines": [
          null,
          1,
          1,
          1,
          1,
          4,
          4,
          null,
          null,
          1,
          4,
          null,
          4,
          null,
          4,
          1,
          null,
          null,
          4,
          null,
          4,
          null,
          null,
          null,
          null
        ]
      },
      "/Users/akibu/Desktop/STAR/Programming/task_manager/app/serializers/user_serializer.rb": {
        "lines": [
          null,
          1,
          1,
          1,
          null
        ]
      },
      "/Users/akibu/Desktop/STAR/Programming/task_manager/app/jobs/application_job.rb": {
        "lines": [
          0,
          null,
          null,
          null,
          null,
          null,
          0
        ],
        "branches": {}
      },
      "/Users/akibu/Desktop/STAR/Programming/task_manager/app/mailers/application_mailer.rb": {
        "lines": [
          0,
          0,
          0,
          0
        ],
        "branches": {}
      }
    },
    "timestamp": 1754482186
  }
}
